{"C:\\Users\\emirh\\Hacktiv8\\Phase 2\\revisi\\ip-revisi\\server\\src\\app.js": {"path":"C:\\Users\\emirh\\Hacktiv8\\Phase 2\\revisi\\ip-revisi\\server\\src\\app.js","statementMap":{"0":{"start":{"line":1,"column":16},"end":{"line":1,"column":34}},"1":{"start":{"line":2,"column":12},"end":{"line":2,"column":21}},"2":{"start":{"line":3,"column":13},"end":{"line":3,"column":17}},"3":{"start":{"line":6,"column":23},"end":{"line":6,"column":62}},"4":{"start":{"line":7,"column":38},"end":{"line":7,"column":73}},"5":{"start":{"line":9,"column":0},"end":{"line":9,"column":49}},"6":{"start":{"line":10,"column":0},"end":{"line":10,"column":24}},"7":{"start":{"line":13,"column":23},"end":{"line":13,"column":62}},"8":{"start":{"line":14,"column":23},"end":{"line":14,"column":62}},"9":{"start":{"line":16,"column":0},"end":{"line":18,"column":3}},"10":{"start":{"line":17,"column":2},"end":{"line":17,"column":25}},"11":{"start":{"line":21,"column":0},"end":{"line":21,"column":47}},"12":{"start":{"line":22,"column":0},"end":{"line":22,"column":41}},"13":{"start":{"line":25,"column":0},"end":{"line":25,"column":24}},"14":{"start":{"line":28,"column":0},"end":{"line":28,"column":52}},"15":{"start":{"line":30,"column":0},"end":{"line":30,"column":51}},"16":{"start":{"line":31,"column":0},"end":{"line":31,"column":51}},"17":{"start":{"line":32,"column":0},"end":{"line":32,"column":75}},"18":{"start":{"line":34,"column":0},"end":{"line":34,"column":45}},"19":{"start":{"line":35,"column":0},"end":{"line":35,"column":45}},"20":{"start":{"line":36,"column":0},"end":{"line":36,"column":63}},"21":{"start":{"line":37,"column":0},"end":{"line":37,"column":66}},"22":{"start":{"line":40,"column":0},"end":{"line":44,"column":1}},"23":{"start":{"line":41,"column":2},"end":{"line":43,"column":5}},"24":{"start":{"line":42,"column":4},"end":{"line":42,"column":61}},"25":{"start":{"line":46,"column":0},"end":{"line":46,"column":21}}},"fnMap":{"0":{"name":"(anonymous_0)","decl":{"start":{"line":16,"column":13},"end":{"line":16,"column":14}},"loc":{"start":{"line":16,"column":27},"end":{"line":18,"column":1}},"line":16},"1":{"name":"(anonymous_1)","decl":{"start":{"line":41,"column":19},"end":{"line":41,"column":20}},"loc":{"start":{"line":41,"column":25},"end":{"line":43,"column":3}},"line":41}},"branchMap":{"0":{"loc":{"start":{"line":40,"column":0},"end":{"line":44,"column":1}},"type":"if","locations":[{"start":{"line":40,"column":0},"end":{"line":44,"column":1}},{"start":{},"end":{}}],"line":40}},"s":{"0":2,"1":2,"2":2,"3":2,"4":2,"5":2,"6":2,"7":2,"8":2,"9":2,"10":0,"11":2,"12":2,"13":2,"14":2,"15":2,"16":2,"17":2,"18":2,"19":2,"20":2,"21":2,"22":2,"23":0,"24":0,"25":2},"f":{"0":0,"1":0},"b":{"0":[0,2]},"_coverageSchema":"1a1c01bbd47fc00a2c39e90264f33305004495a9","hash":"559e1cf7897aa0b273c41d41833247a4a8967ef1"}
,"C:\\Users\\emirh\\Hacktiv8\\Phase 2\\revisi\\ip-revisi\\server\\src\\controllers\\mainController.js": {"path":"C:\\Users\\emirh\\Hacktiv8\\Phase 2\\revisi\\ip-revisi\\server\\src\\controllers\\mainController.js","statementMap":{"0":{"start":{"line":1,"column":28},"end":{"line":1,"column":48}},"1":{"start":{"line":6,"column":4},"end":{"line":16,"column":5}},"2":{"start":{"line":7,"column":19},"end":{"line":7,"column":27}},"3":{"start":{"line":8,"column":6},"end":{"line":12,"column":9}},"4":{"start":{"line":14,"column":6},"end":{"line":14,"column":69}},"5":{"start":{"line":15,"column":6},"end":{"line":15,"column":65}},"6":{"start":{"line":21,"column":4},"end":{"line":34,"column":5}},"7":{"start":{"line":22,"column":19},"end":{"line":22,"column":27}},"8":{"start":{"line":23,"column":33},"end":{"line":23,"column":41}},"9":{"start":{"line":25,"column":32},"end":{"line":28,"column":8}},"10":{"start":{"line":30,"column":6},"end":{"line":30,"column":46}},"11":{"start":{"line":32,"column":6},"end":{"line":32,"column":66}},"12":{"start":{"line":33,"column":6},"end":{"line":33,"column":65}},"13":{"start":{"line":39,"column":4},"end":{"line":49,"column":5}},"14":{"start":{"line":40,"column":19},"end":{"line":40,"column":27}},"15":{"start":{"line":41,"column":24},"end":{"line":43,"column":8}},"16":{"start":{"line":45,"column":6},"end":{"line":45,"column":38}},"17":{"start":{"line":47,"column":6},"end":{"line":47,"column":67}},"18":{"start":{"line":48,"column":6},"end":{"line":48,"column":65}},"19":{"start":{"line":54,"column":4},"end":{"line":69,"column":5}},"20":{"start":{"line":55,"column":19},"end":{"line":55,"column":27}},"21":{"start":{"line":56,"column":25},"end":{"line":56,"column":38}},"22":{"start":{"line":57,"column":23},"end":{"line":59,"column":8}},"23":{"start":{"line":61,"column":6},"end":{"line":63,"column":7}},"24":{"start":{"line":62,"column":8},"end":{"line":62,"column":71}},"25":{"start":{"line":64,"column":6},"end":{"line":64,"column":31}},"26":{"start":{"line":65,"column":6},"end":{"line":65,"column":73}},"27":{"start":{"line":67,"column":6},"end":{"line":67,"column":69}},"28":{"start":{"line":68,"column":6},"end":{"line":68,"column":65}},"29":{"start":{"line":74,"column":4},"end":{"line":88,"column":5}},"30":{"start":{"line":75,"column":19},"end":{"line":75,"column":27}},"31":{"start":{"line":76,"column":58},"end":{"line":76,"column":66}},"32":{"start":{"line":77,"column":23},"end":{"line":83,"column":8}},"33":{"start":{"line":84,"column":6},"end":{"line":84,"column":37}},"34":{"start":{"line":86,"column":6},"end":{"line":86,"column":63}},"35":{"start":{"line":87,"column":6},"end":{"line":87,"column":65}},"36":{"start":{"line":93,"column":4},"end":{"line":102,"column":5}},"37":{"start":{"line":94,"column":19},"end":{"line":94,"column":27}},"38":{"start":{"line":95,"column":21},"end":{"line":97,"column":8}},"39":{"start":{"line":98,"column":6},"end":{"line":98,"column":35}},"40":{"start":{"line":100,"column":6},"end":{"line":100,"column":64}},"41":{"start":{"line":101,"column":6},"end":{"line":101,"column":65}},"42":{"start":{"line":107,"column":4},"end":{"line":128,"column":5}},"43":{"start":{"line":108,"column":19},"end":{"line":108,"column":27}},"44":{"start":{"line":109,"column":22},"end":{"line":109,"column":35}},"45":{"start":{"line":110,"column":58},"end":{"line":110,"column":66}},"46":{"start":{"line":112,"column":6},"end":{"line":122,"column":8}},"47":{"start":{"line":124,"column":6},"end":{"line":124,"column":70}},"48":{"start":{"line":126,"column":6},"end":{"line":126,"column":66}},"49":{"start":{"line":127,"column":6},"end":{"line":127,"column":65}},"50":{"start":{"line":133,"column":4},"end":{"line":147,"column":5}},"51":{"start":{"line":134,"column":19},"end":{"line":134,"column":27}},"52":{"start":{"line":135,"column":22},"end":{"line":135,"column":35}},"53":{"start":{"line":136,"column":20},"end":{"line":138,"column":8}},"54":{"start":{"line":139,"column":6},"end":{"line":141,"column":7}},"55":{"start":{"line":140,"column":8},"end":{"line":140,"column":68}},"56":{"start":{"line":142,"column":6},"end":{"line":142,"column":28}},"57":{"start":{"line":143,"column":6},"end":{"line":143,"column":70}},"58":{"start":{"line":145,"column":6},"end":{"line":145,"column":66}},"59":{"start":{"line":146,"column":6},"end":{"line":146,"column":65}},"60":{"start":{"line":151,"column":0},"end":{"line":151,"column":32}}},"fnMap":{"0":{"name":"(anonymous_0)","decl":{"start":{"line":5,"column":2},"end":{"line":5,"column":3}},"loc":{"start":{"line":5,"column":40},"end":{"line":17,"column":3}},"line":5},"1":{"name":"(anonymous_1)","decl":{"start":{"line":20,"column":2},"end":{"line":20,"column":3}},"loc":{"start":{"line":20,"column":37},"end":{"line":35,"column":3}},"line":20},"2":{"name":"(anonymous_2)","decl":{"start":{"line":38,"column":2},"end":{"line":38,"column":3}},"loc":{"start":{"line":38,"column":38},"end":{"line":50,"column":3}},"line":38},"3":{"name":"(anonymous_3)","decl":{"start":{"line":53,"column":2},"end":{"line":53,"column":3}},"loc":{"start":{"line":53,"column":40},"end":{"line":70,"column":3}},"line":53},"4":{"name":"(anonymous_4)","decl":{"start":{"line":73,"column":2},"end":{"line":73,"column":3}},"loc":{"start":{"line":73,"column":34},"end":{"line":89,"column":3}},"line":73},"5":{"name":"(anonymous_5)","decl":{"start":{"line":92,"column":2},"end":{"line":92,"column":3}},"loc":{"start":{"line":92,"column":35},"end":{"line":103,"column":3}},"line":92},"6":{"name":"(anonymous_6)","decl":{"start":{"line":106,"column":2},"end":{"line":106,"column":3}},"loc":{"start":{"line":106,"column":37},"end":{"line":129,"column":3}},"line":106},"7":{"name":"(anonymous_7)","decl":{"start":{"line":132,"column":2},"end":{"line":132,"column":3}},"loc":{"start":{"line":132,"column":37},"end":{"line":148,"column":3}},"line":132}},"branchMap":{"0":{"loc":{"start":{"line":61,"column":6},"end":{"line":63,"column":7}},"type":"if","locations":[{"start":{"line":61,"column":6},"end":{"line":63,"column":7}},{"start":{},"end":{}}],"line":61},"1":{"loc":{"start":{"line":139,"column":6},"end":{"line":141,"column":7}},"type":"if","locations":[{"start":{"line":139,"column":6},"end":{"line":141,"column":7}},{"start":{},"end":{}}],"line":139}},"s":{"0":2,"1":1,"2":1,"3":1,"4":0,"5":0,"6":2,"7":2,"8":2,"9":2,"10":2,"11":0,"12":0,"13":2,"14":2,"15":2,"16":1,"17":1,"18":1,"19":1,"20":1,"21":1,"22":1,"23":1,"24":0,"25":1,"26":1,"27":0,"28":0,"29":2,"30":2,"31":2,"32":2,"33":1,"34":1,"35":1,"36":1,"37":1,"38":1,"39":1,"40":0,"41":0,"42":1,"43":1,"44":1,"45":1,"46":1,"47":1,"48":0,"49":0,"50":1,"51":1,"52":1,"53":1,"54":1,"55":0,"56":1,"57":1,"58":0,"59":0,"60":2},"f":{"0":1,"1":2,"2":2,"3":1,"4":2,"5":1,"6":1,"7":1},"b":{"0":[0,1],"1":[0,1]},"_coverageSchema":"1a1c01bbd47fc00a2c39e90264f33305004495a9","hash":"00c74a0441081e118047529a6c8414dbce920c0b"}
,"C:\\Users\\emirh\\Hacktiv8\\Phase 2\\revisi\\ip-revisi\\server\\src\\controllers\\userController.js": {"path":"C:\\Users\\emirh\\Hacktiv8\\Phase 2\\revisi\\ip-revisi\\server\\src\\controllers\\userController.js","statementMap":{"0":{"start":{"line":1,"column":17},"end":{"line":1,"column":43}},"1":{"start":{"line":2,"column":28},"end":{"line":2,"column":56}},"2":{"start":{"line":3,"column":22},"end":{"line":3,"column":47}},"3":{"start":{"line":7,"column":4},"end":{"line":29,"column":5}},"4":{"start":{"line":8,"column":19},"end":{"line":8,"column":46}},"5":{"start":{"line":10,"column":6},"end":{"line":14,"column":9}},"6":{"start":{"line":16,"column":6},"end":{"line":16,"column":63}},"7":{"start":{"line":17,"column":6},"end":{"line":28,"column":7}},"8":{"start":{"line":21,"column":8},"end":{"line":23,"column":11}},"9":{"start":{"line":25,"column":8},"end":{"line":27,"column":11}},"10":{"start":{"line":32,"column":4},"end":{"line":69,"column":5}},"11":{"start":{"line":33,"column":40},"end":{"line":33,"column":48}},"12":{"start":{"line":35,"column":6},"end":{"line":38,"column":7}},"13":{"start":{"line":36,"column":8},"end":{"line":36,"column":62}},"14":{"start":{"line":37,"column":8},"end":{"line":37,"column":15}},"15":{"start":{"line":39,"column":6},"end":{"line":42,"column":7}},"16":{"start":{"line":40,"column":8},"end":{"line":40,"column":63}},"17":{"start":{"line":41,"column":8},"end":{"line":41,"column":15}},"18":{"start":{"line":43,"column":6},"end":{"line":46,"column":7}},"19":{"start":{"line":44,"column":8},"end":{"line":44,"column":66}},"20":{"start":{"line":45,"column":8},"end":{"line":45,"column":15}},"21":{"start":{"line":48,"column":19},"end":{"line":48,"column":59}},"22":{"start":{"line":49,"column":6},"end":{"line":54,"column":7}},"23":{"start":{"line":50,"column":8},"end":{"line":52,"column":11}},"24":{"start":{"line":53,"column":8},"end":{"line":53,"column":15}},"25":{"start":{"line":55,"column":30},"end":{"line":55,"column":70}},"26":{"start":{"line":57,"column":6},"end":{"line":62,"column":7}},"27":{"start":{"line":58,"column":8},"end":{"line":60,"column":11}},"28":{"start":{"line":61,"column":8},"end":{"line":61,"column":15}},"29":{"start":{"line":64,"column":6},"end":{"line":64,"column":61}},"30":{"start":{"line":66,"column":6},"end":{"line":68,"column":9}},"31":{"start":{"line":72,"column":0},"end":{"line":72,"column":32}}},"fnMap":{"0":{"name":"(anonymous_0)","decl":{"start":{"line":6,"column":2},"end":{"line":6,"column":3}},"loc":{"start":{"line":6,"column":34},"end":{"line":30,"column":3}},"line":6},"1":{"name":"(anonymous_1)","decl":{"start":{"line":31,"column":2},"end":{"line":31,"column":3}},"loc":{"start":{"line":31,"column":37},"end":{"line":70,"column":3}},"line":31}},"branchMap":{"0":{"loc":{"start":{"line":17,"column":6},"end":{"line":28,"column":7}},"type":"if","locations":[{"start":{"line":17,"column":6},"end":{"line":28,"column":7}},{"start":{"line":24,"column":13},"end":{"line":28,"column":7}}],"line":17},"1":{"loc":{"start":{"line":18,"column":8},"end":{"line":19,"column":55}},"type":"binary-expr","locations":[{"start":{"line":18,"column":8},"end":{"line":18,"column":49}},{"start":{"line":19,"column":8},"end":{"line":19,"column":55}}],"line":18},"2":{"loc":{"start":{"line":35,"column":6},"end":{"line":38,"column":7}},"type":"if","locations":[{"start":{"line":35,"column":6},"end":{"line":38,"column":7}},{"start":{},"end":{}}],"line":35},"3":{"loc":{"start":{"line":39,"column":6},"end":{"line":42,"column":7}},"type":"if","locations":[{"start":{"line":39,"column":6},"end":{"line":42,"column":7}},{"start":{},"end":{}}],"line":39},"4":{"loc":{"start":{"line":43,"column":6},"end":{"line":46,"column":7}},"type":"if","locations":[{"start":{"line":43,"column":6},"end":{"line":46,"column":7}},{"start":{},"end":{}}],"line":43},"5":{"loc":{"start":{"line":49,"column":6},"end":{"line":54,"column":7}},"type":"if","locations":[{"start":{"line":49,"column":6},"end":{"line":54,"column":7}},{"start":{},"end":{}}],"line":49},"6":{"loc":{"start":{"line":57,"column":6},"end":{"line":62,"column":7}},"type":"if","locations":[{"start":{"line":57,"column":6},"end":{"line":62,"column":7}},{"start":{},"end":{}}],"line":57}},"s":{"0":2,"1":2,"2":2,"3":3,"4":3,"5":1,"6":2,"7":2,"8":2,"9":0,"10":10,"11":10,"12":10,"13":1,"14":1,"15":9,"16":1,"17":1,"18":8,"19":1,"20":1,"21":7,"22":6,"23":1,"24":1,"25":5,"26":5,"27":1,"28":1,"29":4,"30":1,"31":2},"f":{"0":3,"1":10},"b":{"0":[2,0],"1":[2,1],"2":[1,9],"3":[1,8],"4":[1,7],"5":[1,5],"6":[1,4]},"_coverageSchema":"1a1c01bbd47fc00a2c39e90264f33305004495a9","hash":"54a434f51a0ce61a64e24dc1dea32304de299110"}
,"C:\\Users\\emirh\\Hacktiv8\\Phase 2\\revisi\\ip-revisi\\server\\src\\helpers\\bcrypt.js": {"path":"C:\\Users\\emirh\\Hacktiv8\\Phase 2\\revisi\\ip-revisi\\server\\src\\helpers\\bcrypt.js","statementMap":{"0":{"start":{"line":1,"column":15},"end":{"line":1,"column":34}},"1":{"start":{"line":4,"column":15},"end":{"line":4,"column":37}},"2":{"start":{"line":5,"column":2},"end":{"line":5,"column":41}},"3":{"start":{"line":9,"column":2},"end":{"line":9,"column":54}},"4":{"start":{"line":12,"column":0},"end":{"line":15,"column":2}}},"fnMap":{"0":{"name":"hashPassword","decl":{"start":{"line":3,"column":9},"end":{"line":3,"column":21}},"loc":{"start":{"line":3,"column":32},"end":{"line":6,"column":1}},"line":3},"1":{"name":"comparePassword","decl":{"start":{"line":8,"column":9},"end":{"line":8,"column":24}},"loc":{"start":{"line":8,"column":51},"end":{"line":10,"column":1}},"line":8}},"branchMap":{},"s":{"0":2,"1":7,"2":7,"3":5,"4":2},"f":{"0":7,"1":5},"b":{},"_coverageSchema":"1a1c01bbd47fc00a2c39e90264f33305004495a9","hash":"4bdc272818bf9d603bf34de5332ea3d0cdf8c012"}
,"C:\\Users\\emirh\\Hacktiv8\\Phase 2\\revisi\\ip-revisi\\server\\src\\helpers\\jwt.js": {"path":"C:\\Users\\emirh\\Hacktiv8\\Phase 2\\revisi\\ip-revisi\\server\\src\\helpers\\jwt.js","statementMap":{"0":{"start":{"line":1,"column":10},"end":{"line":1,"column":33}},"1":{"start":{"line":4,"column":2},"end":{"line":4,"column":37}},"2":{"start":{"line":8,"column":2},"end":{"line":8,"column":37}},"3":{"start":{"line":11,"column":0},"end":{"line":14,"column":2}}},"fnMap":{"0":{"name":"signToken","decl":{"start":{"line":3,"column":9},"end":{"line":3,"column":18}},"loc":{"start":{"line":3,"column":28},"end":{"line":5,"column":1}},"line":3},"1":{"name":"verifyToken","decl":{"start":{"line":7,"column":9},"end":{"line":7,"column":20}},"loc":{"start":{"line":7,"column":28},"end":{"line":9,"column":1}},"line":7}},"branchMap":{},"s":{"0":2,"1":4,"2":18,"3":2},"f":{"0":4,"1":18},"b":{},"_coverageSchema":"1a1c01bbd47fc00a2c39e90264f33305004495a9","hash":"4a24c1d4d6677e932f248c529e23fb96a1da8114"}
,"C:\\Users\\emirh\\Hacktiv8\\Phase 2\\revisi\\ip-revisi\\server\\src\\middlewares\\authentication.js": {"path":"C:\\Users\\emirh\\Hacktiv8\\Phase 2\\revisi\\ip-revisi\\server\\src\\middlewares\\authentication.js","statementMap":{"0":{"start":{"line":1,"column":17},"end":{"line":1,"column":37}},"1":{"start":{"line":2,"column":24},"end":{"line":2,"column":49}},"2":{"start":{"line":4,"column":0},"end":{"line":28,"column":2}},"3":{"start":{"line":5,"column":2},"end":{"line":27,"column":3}},"4":{"start":{"line":7,"column":4},"end":{"line":10,"column":5}},"5":{"start":{"line":8,"column":6},"end":{"line":8,"column":57}},"6":{"start":{"line":9,"column":6},"end":{"line":9,"column":13}},"7":{"start":{"line":12,"column":17},"end":{"line":12,"column":79}},"8":{"start":{"line":15,"column":17},"end":{"line":15,"column":45}},"9":{"start":{"line":16,"column":4},"end":{"line":19,"column":5}},"10":{"start":{"line":17,"column":6},"end":{"line":17,"column":57}},"11":{"start":{"line":18,"column":6},"end":{"line":18,"column":13}},"12":{"start":{"line":21,"column":4},"end":{"line":21,"column":20}},"13":{"start":{"line":23,"column":4},"end":{"line":23,"column":11}},"14":{"start":{"line":25,"column":4},"end":{"line":25,"column":51}},"15":{"start":{"line":26,"column":4},"end":{"line":26,"column":55}}},"fnMap":{"0":{"name":"authentication","decl":{"start":{"line":4,"column":32},"end":{"line":4,"column":46}},"loc":{"start":{"line":4,"column":63},"end":{"line":28,"column":1}},"line":4}},"branchMap":{"0":{"loc":{"start":{"line":7,"column":4},"end":{"line":10,"column":5}},"type":"if","locations":[{"start":{"line":7,"column":4},"end":{"line":10,"column":5}},{"start":{},"end":{}}],"line":7},"1":{"loc":{"start":{"line":16,"column":4},"end":{"line":19,"column":5}},"type":"if","locations":[{"start":{"line":16,"column":4},"end":{"line":19,"column":5}},{"start":{},"end":{}}],"line":16}},"s":{"0":2,"1":2,"2":2,"3":26,"4":26,"5":8,"6":8,"7":18,"8":17,"9":17,"10":1,"11":1,"12":16,"13":16,"14":1,"15":1},"f":{"0":26},"b":{"0":[8,18],"1":[1,16]},"_coverageSchema":"1a1c01bbd47fc00a2c39e90264f33305004495a9","hash":"39bbc0fc5c6907a98c559f7ddce0da63faecf4e1"}
,"C:\\Users\\emirh\\Hacktiv8\\Phase 2\\revisi\\ip-revisi\\server\\src\\middlewares\\guardOwner.js": {"path":"C:\\Users\\emirh\\Hacktiv8\\Phase 2\\revisi\\ip-revisi\\server\\src\\middlewares\\guardOwner.js","statementMap":{"0":{"start":{"line":1,"column":28},"end":{"line":1,"column":48}},"1":{"start":{"line":4,"column":21},"end":{"line":4,"column":34}},"2":{"start":{"line":5,"column":19},"end":{"line":5,"column":54}},"3":{"start":{"line":6,"column":2},"end":{"line":11,"column":3}},"4":{"start":{"line":7,"column":4},"end":{"line":9,"column":7}},"5":{"start":{"line":10,"column":4},"end":{"line":10,"column":11}},"6":{"start":{"line":13,"column":2},"end":{"line":18,"column":3}},"7":{"start":{"line":14,"column":4},"end":{"line":16,"column":7}},"8":{"start":{"line":17,"column":4},"end":{"line":17,"column":11}},"9":{"start":{"line":20,"column":2},"end":{"line":20,"column":9}},"10":{"start":{"line":24,"column":18},"end":{"line":24,"column":31}},"11":{"start":{"line":25,"column":16},"end":{"line":25,"column":45}},"12":{"start":{"line":26,"column":2},"end":{"line":31,"column":3}},"13":{"start":{"line":27,"column":4},"end":{"line":29,"column":7}},"14":{"start":{"line":30,"column":4},"end":{"line":30,"column":11}},"15":{"start":{"line":32,"column":2},"end":{"line":37,"column":3}},"16":{"start":{"line":33,"column":4},"end":{"line":35,"column":7}},"17":{"start":{"line":36,"column":4},"end":{"line":36,"column":11}},"18":{"start":{"line":38,"column":2},"end":{"line":38,"column":9}},"19":{"start":{"line":41,"column":0},"end":{"line":41,"column":47}}},"fnMap":{"0":{"name":"guardFavorite","decl":{"start":{"line":3,"column":15},"end":{"line":3,"column":28}},"loc":{"start":{"line":3,"column":45},"end":{"line":21,"column":1}},"line":3},"1":{"name":"guardBuild","decl":{"start":{"line":23,"column":15},"end":{"line":23,"column":25}},"loc":{"start":{"line":23,"column":42},"end":{"line":39,"column":1}},"line":23}},"branchMap":{"0":{"loc":{"start":{"line":6,"column":2},"end":{"line":11,"column":3}},"type":"if","locations":[{"start":{"line":6,"column":2},"end":{"line":11,"column":3}},{"start":{},"end":{}}],"line":6},"1":{"loc":{"start":{"line":13,"column":2},"end":{"line":18,"column":3}},"type":"if","locations":[{"start":{"line":13,"column":2},"end":{"line":18,"column":3}},{"start":{},"end":{}}],"line":13},"2":{"loc":{"start":{"line":26,"column":2},"end":{"line":31,"column":3}},"type":"if","locations":[{"start":{"line":26,"column":2},"end":{"line":31,"column":3}},{"start":{},"end":{}}],"line":26},"3":{"loc":{"start":{"line":32,"column":2},"end":{"line":37,"column":3}},"type":"if","locations":[{"start":{"line":32,"column":2},"end":{"line":37,"column":3}},{"start":{},"end":{}}],"line":32}},"s":{"0":2,"1":3,"2":3,"3":3,"4":1,"5":1,"6":2,"7":1,"8":1,"9":1,"10":5,"11":5,"12":5,"13":1,"14":1,"15":4,"16":2,"17":2,"18":2,"19":2},"f":{"0":3,"1":5},"b":{"0":[1,2],"1":[1,1],"2":[1,4],"3":[2,2]},"_coverageSchema":"1a1c01bbd47fc00a2c39e90264f33305004495a9","hash":"838a24bd7645511ef3e623f076b3443abb0f08bb"}
,"C:\\Users\\emirh\\Hacktiv8\\Phase 2\\revisi\\ip-revisi\\server\\src\\models\\build.js": {"path":"C:\\Users\\emirh\\Hacktiv8\\Phase 2\\revisi\\ip-revisi\\server\\src\\models\\build.js","statementMap":{"0":{"start":{"line":2,"column":18},"end":{"line":2,"column":38}},"1":{"start":{"line":3,"column":0},"end":{"line":29,"column":2}},"2":{"start":{"line":12,"column":6},"end":{"line":12,"column":61}},"3":{"start":{"line":15,"column":2},"end":{"line":27,"column":4}},"4":{"start":{"line":28,"column":2},"end":{"line":28,"column":15}}},"fnMap":{"0":{"name":"(anonymous_0)","decl":{"start":{"line":3,"column":17},"end":{"line":3,"column":18}},"loc":{"start":{"line":3,"column":43},"end":{"line":29,"column":1}},"line":3},"1":{"name":"(anonymous_1)","decl":{"start":{"line":10,"column":4},"end":{"line":10,"column":5}},"loc":{"start":{"line":10,"column":29},"end":{"line":13,"column":5}},"line":10}},"branchMap":{},"s":{"0":2,"1":2,"2":2,"3":2,"4":2},"f":{"0":2,"1":2},"b":{},"_coverageSchema":"1a1c01bbd47fc00a2c39e90264f33305004495a9","hash":"e61e4bc87564f7a4776aa1a1ac03555a3baa1c5e"}
,"C:\\Users\\emirh\\Hacktiv8\\Phase 2\\revisi\\ip-revisi\\server\\src\\models\\favorite.js": {"path":"C:\\Users\\emirh\\Hacktiv8\\Phase 2\\revisi\\ip-revisi\\server\\src\\models\\favorite.js","statementMap":{"0":{"start":{"line":2,"column":18},"end":{"line":2,"column":38}},"1":{"start":{"line":3,"column":0},"end":{"line":26,"column":2}},"2":{"start":{"line":12,"column":6},"end":{"line":12,"column":64}},"3":{"start":{"line":15,"column":2},"end":{"line":24,"column":4}},"4":{"start":{"line":25,"column":2},"end":{"line":25,"column":18}}},"fnMap":{"0":{"name":"(anonymous_0)","decl":{"start":{"line":3,"column":17},"end":{"line":3,"column":18}},"loc":{"start":{"line":3,"column":43},"end":{"line":26,"column":1}},"line":3},"1":{"name":"(anonymous_1)","decl":{"start":{"line":10,"column":4},"end":{"line":10,"column":5}},"loc":{"start":{"line":10,"column":29},"end":{"line":13,"column":5}},"line":10}},"branchMap":{},"s":{"0":2,"1":2,"2":2,"3":2,"4":2},"f":{"0":2,"1":2},"b":{},"_coverageSchema":"1a1c01bbd47fc00a2c39e90264f33305004495a9","hash":"78fe85f7d3921b277acc7fe06091da28a88c7276"}
,"C:\\Users\\emirh\\Hacktiv8\\Phase 2\\revisi\\ip-revisi\\server\\src\\models\\index.js": {"path":"C:\\Users\\emirh\\Hacktiv8\\Phase 2\\revisi\\ip-revisi\\server\\src\\models\\index.js","statementMap":{"0":{"start":{"line":3,"column":11},"end":{"line":3,"column":24}},"1":{"start":{"line":4,"column":13},"end":{"line":4,"column":28}},"2":{"start":{"line":5,"column":18},"end":{"line":5,"column":38}},"3":{"start":{"line":6,"column":16},"end":{"line":6,"column":34}},"4":{"start":{"line":7,"column":17},"end":{"line":7,"column":42}},"5":{"start":{"line":8,"column":12},"end":{"line":8,"column":49}},"6":{"start":{"line":9,"column":15},"end":{"line":9,"column":65}},"7":{"start":{"line":10,"column":11},"end":{"line":10,"column":13}},"8":{"start":{"line":13,"column":0},"end":{"line":17,"column":1}},"9":{"start":{"line":14,"column":2},"end":{"line":14,"column":74}},"10":{"start":{"line":16,"column":2},"end":{"line":16,"column":87}},"11":{"start":{"line":19,"column":0},"end":{"line":32,"column":5}},"12":{"start":{"line":22,"column":4},"end":{"line":27,"column":6}},"13":{"start":{"line":30,"column":18},"end":{"line":30,"column":85}},"14":{"start":{"line":31,"column":4},"end":{"line":31,"column":27}},"15":{"start":{"line":34,"column":0},"end":{"line":38,"column":3}},"16":{"start":{"line":35,"column":2},"end":{"line":37,"column":3}},"17":{"start":{"line":36,"column":4},"end":{"line":36,"column":32}},"18":{"start":{"line":40,"column":0},"end":{"line":40,"column":25}},"19":{"start":{"line":41,"column":0},"end":{"line":41,"column":25}},"20":{"start":{"line":43,"column":0},"end":{"line":43,"column":20}}},"fnMap":{"0":{"name":"(anonymous_0)","decl":{"start":{"line":21,"column":10},"end":{"line":21,"column":11}},"loc":{"start":{"line":21,"column":18},"end":{"line":28,"column":3}},"line":21},"1":{"name":"(anonymous_1)","decl":{"start":{"line":29,"column":11},"end":{"line":29,"column":12}},"loc":{"start":{"line":29,"column":19},"end":{"line":32,"column":3}},"line":29},"2":{"name":"(anonymous_2)","decl":{"start":{"line":34,"column":24},"end":{"line":34,"column":25}},"loc":{"start":{"line":34,"column":37},"end":{"line":38,"column":1}},"line":34}},"branchMap":{"0":{"loc":{"start":{"line":8,"column":12},"end":{"line":8,"column":49}},"type":"binary-expr","locations":[{"start":{"line":8,"column":12},"end":{"line":8,"column":32}},{"start":{"line":8,"column":36},"end":{"line":8,"column":49}}],"line":8},"1":{"loc":{"start":{"line":13,"column":0},"end":{"line":17,"column":1}},"type":"if","locations":[{"start":{"line":13,"column":0},"end":{"line":17,"column":1}},{"start":{"line":15,"column":7},"end":{"line":17,"column":1}}],"line":13},"2":{"loc":{"start":{"line":23,"column":6},"end":{"line":26,"column":37}},"type":"binary-expr","locations":[{"start":{"line":23,"column":6},"end":{"line":23,"column":29}},{"start":{"line":24,"column":6},"end":{"line":24,"column":23}},{"start":{"line":25,"column":6},"end":{"line":25,"column":30}},{"start":{"line":26,"column":6},"end":{"line":26,"column":37}}],"line":23},"3":{"loc":{"start":{"line":35,"column":2},"end":{"line":37,"column":3}},"type":"if","locations":[{"start":{"line":35,"column":2},"end":{"line":37,"column":3}},{"start":{},"end":{}}],"line":35}},"s":{"0":2,"1":2,"2":2,"3":2,"4":2,"5":2,"6":2,"7":2,"8":2,"9":0,"10":2,"11":2,"12":8,"13":6,"14":6,"15":2,"16":6,"17":6,"18":2,"19":2,"20":2},"f":{"0":8,"1":6,"2":6},"b":{"0":[2,0],"1":[0,2],"2":[8,8,6,6],"3":[6,0]},"_coverageSchema":"1a1c01bbd47fc00a2c39e90264f33305004495a9","hash":"2198fe2752c92623ab5459d843a20fa97913ebae"}
,"C:\\Users\\emirh\\Hacktiv8\\Phase 2\\revisi\\ip-revisi\\server\\src\\models\\user.js": {"path":"C:\\Users\\emirh\\Hacktiv8\\Phase 2\\revisi\\ip-revisi\\server\\src\\models\\user.js","statementMap":{"0":{"start":{"line":2,"column":18},"end":{"line":2,"column":38}},"1":{"start":{"line":3,"column":25},"end":{"line":3,"column":53}},"2":{"start":{"line":4,"column":0},"end":{"line":59,"column":2}},"3":{"start":{"line":13,"column":6},"end":{"line":13,"column":62}},"4":{"start":{"line":14,"column":6},"end":{"line":14,"column":59}},"5":{"start":{"line":17,"column":2},"end":{"line":57,"column":4}},"6":{"start":{"line":51,"column":10},"end":{"line":53,"column":11}},"7":{"start":{"line":52,"column":12},"end":{"line":52,"column":56}},"8":{"start":{"line":58,"column":2},"end":{"line":58,"column":14}}},"fnMap":{"0":{"name":"(anonymous_0)","decl":{"start":{"line":4,"column":17},"end":{"line":4,"column":18}},"loc":{"start":{"line":4,"column":43},"end":{"line":59,"column":1}},"line":4},"1":{"name":"(anonymous_1)","decl":{"start":{"line":11,"column":4},"end":{"line":11,"column":5}},"loc":{"start":{"line":11,"column":29},"end":{"line":15,"column":5}},"line":11},"2":{"name":"(anonymous_2)","decl":{"start":{"line":50,"column":8},"end":{"line":50,"column":9}},"loc":{"start":{"line":50,"column":27},"end":{"line":54,"column":9}},"line":50}},"branchMap":{"0":{"loc":{"start":{"line":51,"column":10},"end":{"line":53,"column":11}},"type":"if","locations":[{"start":{"line":51,"column":10},"end":{"line":53,"column":11}},{"start":{},"end":{}}],"line":51}},"s":{"0":2,"1":2,"2":2,"3":2,"4":2,"5":2,"6":7,"7":7,"8":2},"f":{"0":2,"1":2,"2":7},"b":{"0":[7,0]},"_coverageSchema":"1a1c01bbd47fc00a2c39e90264f33305004495a9","hash":"47b4be2eb9098428a648d0384850e99e9242e1f7"}
}
