TN:
SF:src\app.js
FN:16,(anonymous_0)
FN:41,(anonymous_1)
FNF:2
FNH:0
FNDA:0,(anonymous_0)
FNDA:0,(anonymous_1)
DA:1,2
DA:2,2
DA:3,2
DA:6,2
DA:7,2
DA:9,2
DA:10,2
DA:13,2
DA:14,2
DA:16,2
DA:17,0
DA:21,2
DA:22,2
DA:25,2
DA:28,2
DA:30,2
DA:31,2
DA:32,2
DA:34,2
DA:35,2
DA:36,2
DA:37,2
DA:40,2
DA:41,0
DA:42,0
DA:46,2
LF:26
LH:23
BRDA:40,0,0,0
BRDA:40,0,1,2
BRF:2
BRH:1
end_of_record
TN:
SF:src\controllers\mainController.js
FN:5,(anonymous_0)
FN:20,(anonymous_1)
FN:38,(anonymous_2)
FN:53,(anonymous_3)
FN:73,(anonymous_4)
FN:92,(anonymous_5)
FN:106,(anonymous_6)
FN:132,(anonymous_7)
FNF:8
FNH:8
FNDA:1,(anonymous_0)
FNDA:2,(anonymous_1)
FNDA:2,(anonymous_2)
FNDA:1,(anonymous_3)
FNDA:2,(anonymous_4)
FNDA:1,(anonymous_5)
FNDA:1,(anonymous_6)
FNDA:1,(anonymous_7)
DA:1,2
DA:6,1
DA:7,1
DA:8,1
DA:14,0
DA:15,0
DA:21,2
DA:22,2
DA:23,2
DA:25,2
DA:30,2
DA:32,0
DA:33,0
DA:39,2
DA:40,2
DA:41,2
DA:45,1
DA:47,1
DA:48,1
DA:54,1
DA:55,1
DA:56,1
DA:57,1
DA:61,1
DA:62,0
DA:64,1
DA:65,1
DA:67,0
DA:68,0
DA:74,2
DA:75,2
DA:76,2
DA:77,2
DA:84,1
DA:86,1
DA:87,1
DA:93,1
DA:94,1
DA:95,1
DA:98,1
DA:100,0
DA:101,0
DA:107,1
DA:108,1
DA:109,1
DA:110,1
DA:112,1
DA:124,1
DA:126,0
DA:127,0
DA:133,1
DA:134,1
DA:135,1
DA:136,1
DA:139,1
DA:140,0
DA:142,1
DA:143,1
DA:145,0
DA:146,0
DA:151,2
LF:61
LH:47
BRDA:61,0,0,0
BRDA:61,0,1,1
BRDA:139,1,0,0
BRDA:139,1,1,1
BRF:4
BRH:2
end_of_record
TN:
SF:src\controllers\userController.js
FN:6,(anonymous_0)
FN:31,(anonymous_1)
FNF:2
FNH:2
FNDA:3,(anonymous_0)
FNDA:10,(anonymous_1)
DA:1,2
DA:2,2
DA:3,2
DA:7,3
DA:8,3
DA:10,1
DA:16,2
DA:17,2
DA:21,2
DA:25,0
DA:32,10
DA:33,10
DA:35,10
DA:36,1
DA:37,1
DA:39,9
DA:40,1
DA:41,1
DA:43,8
DA:44,1
DA:45,1
DA:48,7
DA:49,6
DA:50,1
DA:53,1
DA:55,5
DA:57,5
DA:58,1
DA:61,1
DA:64,4
DA:66,1
DA:72,2
LF:32
LH:31
BRDA:17,0,0,2
BRDA:17,0,1,0
BRDA:18,1,0,2
BRDA:18,1,1,1
BRDA:35,2,0,1
BRDA:35,2,1,9
BRDA:39,3,0,1
BRDA:39,3,1,8
BRDA:43,4,0,1
BRDA:43,4,1,7
BRDA:49,5,0,1
BRDA:49,5,1,5
BRDA:57,6,0,1
BRDA:57,6,1,4
BRF:14
BRH:13
end_of_record
TN:
SF:src\helpers\bcrypt.js
FN:3,hashPassword
FN:8,comparePassword
FNF:2
FNH:2
FNDA:7,hashPassword
FNDA:5,comparePassword
DA:1,2
DA:4,7
DA:5,7
DA:9,5
DA:12,2
LF:5
LH:5
BRF:0
BRH:0
end_of_record
TN:
SF:src\helpers\jwt.js
FN:3,signToken
FN:7,verifyToken
FNF:2
FNH:2
FNDA:4,signToken
FNDA:18,verifyToken
DA:1,2
DA:4,4
DA:8,18
DA:11,2
LF:4
LH:4
BRF:0
BRH:0
end_of_record
TN:
SF:src\middlewares\authentication.js
FN:4,authentication
FNF:1
FNH:1
FNDA:26,authentication
DA:1,2
DA:2,2
DA:4,2
DA:5,26
DA:7,26
DA:8,8
DA:9,8
DA:12,18
DA:15,17
DA:16,17
DA:17,1
DA:18,1
DA:21,16
DA:23,16
DA:25,1
DA:26,1
LF:16
LH:16
BRDA:7,0,0,8
BRDA:7,0,1,18
BRDA:16,1,0,1
BRDA:16,1,1,16
BRF:4
BRH:4
end_of_record
TN:
SF:src\middlewares\guardOwner.js
FN:3,guardFavorite
FN:23,guardBuild
FNF:2
FNH:2
FNDA:3,guardFavorite
FNDA:5,guardBuild
DA:1,2
DA:4,3
DA:5,3
DA:6,3
DA:7,1
DA:10,1
DA:13,2
DA:14,1
DA:17,1
DA:20,1
DA:24,5
DA:25,5
DA:26,5
DA:27,1
DA:30,1
DA:32,4
DA:33,2
DA:36,2
DA:38,2
DA:41,2
LF:20
LH:20
BRDA:6,0,0,1
BRDA:6,0,1,2
BRDA:13,1,0,1
BRDA:13,1,1,1
BRDA:26,2,0,1
BRDA:26,2,1,4
BRDA:32,3,0,2
BRDA:32,3,1,2
BRF:8
BRH:8
end_of_record
TN:
SF:src\models\build.js
FN:3,(anonymous_0)
FN:10,(anonymous_1)
FNF:2
FNH:2
FNDA:2,(anonymous_0)
FNDA:2,(anonymous_1)
DA:2,2
DA:3,2
DA:12,2
DA:15,2
DA:28,2
LF:5
LH:5
BRF:0
BRH:0
end_of_record
TN:
SF:src\models\favorite.js
FN:3,(anonymous_0)
FN:10,(anonymous_1)
FNF:2
FNH:2
FNDA:2,(anonymous_0)
FNDA:2,(anonymous_1)
DA:2,2
DA:3,2
DA:12,2
DA:15,2
DA:25,2
LF:5
LH:5
BRF:0
BRH:0
end_of_record
TN:
SF:src\models\index.js
FN:21,(anonymous_0)
FN:29,(anonymous_1)
FN:34,(anonymous_2)
FNF:3
FNH:3
FNDA:8,(anonymous_0)
FNDA:6,(anonymous_1)
FNDA:6,(anonymous_2)
DA:3,2
DA:4,2
DA:5,2
DA:6,2
DA:7,2
DA:8,2
DA:9,2
DA:10,2
DA:13,2
DA:14,0
DA:16,2
DA:19,2
DA:22,8
DA:30,6
DA:31,6
DA:34,2
DA:35,6
DA:36,6
DA:40,2
DA:41,2
DA:43,2
LF:21
LH:20
BRDA:8,0,0,2
BRDA:8,0,1,0
BRDA:13,1,0,0
BRDA:13,1,1,2
BRDA:23,2,0,8
BRDA:23,2,1,8
BRDA:23,2,2,6
BRDA:23,2,3,6
BRDA:35,3,0,6
BRDA:35,3,1,0
BRF:10
BRH:7
end_of_record
TN:
SF:src\models\user.js
FN:4,(anonymous_0)
FN:11,(anonymous_1)
FN:50,(anonymous_2)
FNF:3
FNH:3
FNDA:2,(anonymous_0)
FNDA:2,(anonymous_1)
FNDA:7,(anonymous_2)
DA:2,2
DA:3,2
DA:4,2
DA:13,2
DA:14,2
DA:17,2
DA:51,7
DA:52,7
DA:58,2
LF:9
LH:9
BRDA:51,0,0,7
BRDA:51,0,1,0
BRF:2
BRH:1
end_of_record
