TN:
SF:src\app.js
FN:33,(anonymous_0)
FN:66,(anonymous_1)
FNF:2
FNH:1
FNDA:1,(anonymous_0)
FNDA:0,(anonymous_1)
DA:1,4
DA:2,4
DA:5,4
DA:6,4
DA:7,4
DA:8,4
DA:9,4
DA:12,4
DA:13,4
DA:15,4
DA:24,4
DA:25,4
DA:28,4
DA:29,4
DA:30,4
DA:31,4
DA:33,4
DA:34,1
DA:38,4
DA:39,4
DA:40,4
DA:43,4
DA:46,4
DA:49,4
DA:51,4
DA:52,4
DA:53,4
DA:55,4
DA:56,4
DA:57,4
DA:58,4
DA:61,4
DA:62,4
DA:65,4
DA:66,0
DA:67,0
DA:71,4
LF:37
LH:35
BRDA:1,0,0,4
BRDA:1,0,1,0
BRDA:9,1,0,4
BRDA:9,1,1,4
BRDA:65,2,0,0
BRDA:65,2,1,4
BRF:6
BRH:4
end_of_record
TN:
SF:src\controllers\aiController.js
FN:4,(anonymous_0)
FN:125,(anonymous_1)
FNF:2
FNH:2
FNDA:7,(anonymous_0)
FNDA:6,(anonymous_1)
DA:1,4
DA:5,7
DA:6,7
DA:7,7
DA:9,7
DA:11,7
DA:12,1
DA:13,1
DA:16,6
DA:18,6
DA:19,6
DA:20,6
DA:22,6
DA:23,1
DA:24,1
DA:30,5
DA:31,5
DA:77,2
DA:78,2
DA:87,2
DA:89,2
DA:90,1
DA:91,1
DA:92,1
DA:97,1
DA:98,1
DA:100,1
DA:105,3
DA:106,3
DA:107,3
DA:108,3
DA:109,3
DA:110,3
DA:112,3
DA:113,2
DA:118,1
DA:126,6
DA:127,6
DA:129,6
DA:130,1
DA:133,5
DA:135,5
DA:136,1
DA:142,4
DA:163,2
DA:165,2
DA:166,1
DA:170,1
DA:175,1
DA:180,2
DA:181,2
DA:182,1
DA:187,1
DA:194,4
LF:54
LH:54
BRDA:11,0,0,1
BRDA:11,0,1,6
BRDA:22,1,0,1
BRDA:22,1,1,5
BRDA:22,2,0,6
BRDA:22,2,1,6
BRDA:89,3,0,1
BRDA:89,3,1,1
BRDA:112,4,0,2
BRDA:112,4,1,1
BRDA:112,5,0,3
BRDA:112,5,1,2
BRDA:129,6,0,1
BRDA:129,6,1,5
BRDA:135,7,0,1
BRDA:135,7,1,4
BRDA:135,8,0,5
BRDA:135,8,1,4
BRDA:165,9,0,1
BRDA:165,9,1,1
BRDA:180,10,0,2
BRDA:180,10,1,1
BRDA:181,11,0,1
BRDA:181,11,1,1
BRDA:181,12,0,2
BRDA:181,12,1,2
BRF:26
BRH:26
end_of_record
TN:
SF:src\controllers\googleAuthController.js
FN:8,(anonymous_0)
FNF:1
FNH:1
FNDA:6,(anonymous_0)
DA:1,4
DA:2,4
DA:3,4
DA:5,4
DA:9,6
DA:10,6
DA:12,6
DA:13,1
DA:16,5
DA:21,3
DA:22,3
DA:25,3
DA:27,2
DA:28,1
DA:35,2
DA:37,2
DA:46,3
DA:47,3
DA:52,4
LF:19
LH:19
BRDA:12,0,0,1
BRDA:12,0,1,5
BRDA:27,1,0,1
BRDA:27,1,1,1
BRF:4
BRH:4
end_of_record
TN:
SF:src\controllers\mainController.js
FN:5,(anonymous_0)
FN:20,(anonymous_1)
FN:38,(anonymous_2)
FN:53,(anonymous_3)
FN:73,(anonymous_4)
FN:93,(anonymous_5)
FN:107,(anonymous_6)
FN:134,(anonymous_7)
FN:153,(anonymous_8)
FNF:9
FNH:9
FNDA:1,(anonymous_0)
FNDA:2,(anonymous_1)
FNDA:2,(anonymous_2)
FNDA:1,(anonymous_3)
FNDA:2,(anonymous_4)
FNDA:1,(anonymous_5)
FNDA:1,(anonymous_6)
FNDA:1,(anonymous_7)
FNDA:2,(anonymous_8)
DA:1,4
DA:6,1
DA:7,1
DA:8,1
DA:14,0
DA:15,0
DA:21,2
DA:22,2
DA:23,2
DA:25,2
DA:30,2
DA:32,0
DA:33,0
DA:39,2
DA:40,2
DA:41,2
DA:45,1
DA:47,1
DA:48,1
DA:54,1
DA:55,1
DA:56,1
DA:57,1
DA:61,1
DA:62,0
DA:64,1
DA:65,1
DA:67,0
DA:68,0
DA:74,2
DA:75,2
DA:76,2
DA:77,2
DA:85,1
DA:87,1
DA:88,1
DA:94,1
DA:95,1
DA:96,1
DA:99,1
DA:101,0
DA:102,0
DA:108,1
DA:109,1
DA:110,1
DA:111,1
DA:113,1
DA:126,1
DA:128,0
DA:129,0
DA:135,1
DA:136,1
DA:137,1
DA:138,1
DA:141,1
DA:142,0
DA:144,1
DA:145,1
DA:147,0
DA:148,0
DA:154,2
DA:155,2
DA:164,2
DA:166,0
DA:167,0
DA:172,4
LF:66
LH:50
BRDA:61,0,0,0
BRDA:61,0,1,1
BRDA:83,1,0,2
BRDA:83,1,1,2
BRDA:119,2,0,0
BRDA:119,2,1,1
BRDA:141,3,0,0
BRDA:141,3,1,1
BRF:8
BRH:5
end_of_record
TN:
SF:src\controllers\userController.js
FN:6,(anonymous_0)
FN:31,(anonymous_1)
FNF:2
FNH:2
FNDA:3,(anonymous_0)
FNDA:10,(anonymous_1)
DA:1,4
DA:2,4
DA:3,4
DA:7,3
DA:8,3
DA:10,1
DA:16,2
DA:17,2
DA:21,2
DA:25,0
DA:32,10
DA:33,10
DA:35,10
DA:36,1
DA:37,1
DA:39,9
DA:40,1
DA:41,1
DA:44,8
DA:45,7
DA:46,1
DA:49,1
DA:51,6
DA:53,6
DA:54,1
DA:57,1
DA:60,5
DA:69,1
DA:75,4
LF:29
LH:28
BRDA:17,0,0,2
BRDA:17,0,1,0
BRDA:18,1,0,2
BRDA:18,1,1,1
BRDA:35,2,0,1
BRDA:35,2,1,9
BRDA:39,3,0,1
BRDA:39,3,1,8
BRDA:45,4,0,1
BRDA:45,4,1,6
BRDA:53,5,0,1
BRDA:53,5,1,5
BRF:12
BRH:11
end_of_record
TN:
SF:src\helpers\bcrypt.js
FN:3,hashPassword
FN:8,comparePassword
FNF:2
FNH:2
FNDA:10,hashPassword
FNDA:6,comparePassword
DA:1,4
DA:4,10
DA:5,10
DA:9,6
DA:12,4
LF:5
LH:5
BRF:0
BRH:0
end_of_record
TN:
SF:src\helpers\jwt.js
FN:3,signToken
FN:7,verifyToken
FNF:2
FNH:2
FNDA:7,signToken
FNDA:32,verifyToken
DA:1,4
DA:4,7
DA:8,32
DA:11,4
LF:4
LH:4
BRF:0
BRH:0
end_of_record
TN:
SF:src\middlewares\authentication.js
FN:4,authentication
FNF:1
FNH:1
FNDA:42,authentication
DA:1,4
DA:2,4
DA:4,4
DA:5,42
DA:7,42
DA:8,10
DA:9,10
DA:12,32
DA:15,31
DA:16,31
DA:17,1
DA:18,1
DA:21,30
DA:23,30
DA:25,1
DA:26,1
LF:16
LH:16
BRDA:7,0,0,10
BRDA:7,0,1,32
BRDA:16,1,0,1
BRDA:16,1,1,30
BRF:4
BRH:4
end_of_record
TN:
SF:src\middlewares\guardOwner.js
FN:3,guardFavorite
FN:23,guardBuild
FNF:2
FNH:2
FNDA:3,guardFavorite
FNDA:6,guardBuild
DA:1,4
DA:4,3
DA:5,3
DA:6,3
DA:7,1
DA:10,1
DA:13,2
DA:14,1
DA:17,1
DA:20,1
DA:24,6
DA:25,6
DA:26,6
DA:27,2
DA:30,2
DA:32,4
DA:33,2
DA:36,2
DA:38,2
DA:41,4
LF:20
LH:20
BRDA:6,0,0,1
BRDA:6,0,1,2
BRDA:13,1,0,1
BRDA:13,1,1,1
BRDA:26,2,0,2
BRDA:26,2,1,4
BRDA:32,3,0,2
BRDA:32,3,1,2
BRF:8
BRH:8
end_of_record
TN:
SF:src\models\build.js
FN:3,(anonymous_0)
FN:10,(anonymous_1)
FNF:2
FNH:2
FNDA:4,(anonymous_0)
FNDA:4,(anonymous_1)
DA:2,4
DA:3,4
DA:12,4
DA:15,4
DA:32,4
LF:5
LH:5
BRF:0
BRH:0
end_of_record
TN:
SF:src\models\favorite.js
FN:3,(anonymous_0)
FN:10,(anonymous_1)
FNF:2
FNH:2
FNDA:4,(anonymous_0)
FNDA:4,(anonymous_1)
DA:2,4
DA:3,4
DA:12,4
DA:15,4
DA:25,4
LF:5
LH:5
BRF:0
BRH:0
end_of_record
TN:
SF:src\models\index.js
FN:21,(anonymous_0)
FN:29,(anonymous_1)
FN:34,(anonymous_2)
FNF:3
FNH:3
FNDA:16,(anonymous_0)
FNDA:12,(anonymous_1)
FNDA:12,(anonymous_2)
DA:3,4
DA:4,4
DA:5,4
DA:6,4
DA:7,4
DA:8,4
DA:9,4
DA:10,4
DA:13,4
DA:14,0
DA:16,4
DA:19,4
DA:22,16
DA:30,12
DA:31,12
DA:34,4
DA:35,12
DA:36,12
DA:40,4
DA:41,4
DA:43,4
LF:21
LH:20
BRDA:8,0,0,4
BRDA:8,0,1,0
BRDA:13,1,0,0
BRDA:13,1,1,4
BRDA:23,2,0,16
BRDA:23,2,1,16
BRDA:23,2,2,12
BRDA:23,2,3,12
BRDA:35,3,0,12
BRDA:35,3,1,0
BRF:10
BRH:7
end_of_record
TN:
SF:src\models\user.js
FN:4,(anonymous_0)
FN:11,(anonymous_1)
FN:50,(anonymous_2)
FNF:3
FNH:3
FNDA:4,(anonymous_0)
FNDA:4,(anonymous_1)
FNDA:10,(anonymous_2)
DA:2,4
DA:3,4
DA:4,4
DA:13,4
DA:14,4
DA:17,4
DA:51,10
DA:52,10
DA:58,4
LF:9
LH:9
BRDA:51,0,0,10
BRDA:51,0,1,0
BRF:2
BRH:1
end_of_record
